#
# A fatal error has been detected by the Java Runtime Environment:
#
#  SIGBUS (0xa) at pc=0x000000010f953eb9, pid=7363, tid=20227
#
# JRE version: Java(TM) SE Runtime Environment (8.0_65-b17) (build 1.8.0_65-b17)
# Java VM: Java HotSpot(TM) 64-Bit Server VM (25.65-b01 mixed mode bsd-amd64 compressed oops)
# Problematic frame:
# C  [libzip.dylib+0x2eb9]  newEntry+0x154
#
# Failed to write core dump. Core dumps have been disabled. To enable core dumping, try "ulimit -c unlimited" before starting Java again
#
# If you would like to submit a bug report, please visit:
#   http://bugreport.java.com/bugreport/crash.jsp
# The crash happened outside the Java Virtual Machine in native code.
# See problematic frame for where to report the bug.
#

---------------  T H R E A D  ---------------

Current thread (0x00007f98bc10e000):  JavaThread "Thread-1" [_thread_in_native, id=20227, stack(0x000070000474d000,0x000070000514d000)]

siginfo: si_signo: 10 (SIGBUS), si_code: 2 (BUS_ADRERR), si_addr: 0x00000001283ced49

Registers:
RAX=0x00007f98bbd1b400, RBX=0x00000001283ced3d, RCX=0x0000000000000c00, RDX=0x0000000000000000
RSP=0x000070000514a5b0, RBP=0x000070000514a610, RSI=0x00007f98bbe00000, RDI=0x000000010f6a2a00
R8 =0x0000000000000004, R9 =0x00000000fffffc00, R10=0x0000000000000002, R11=0x00007f98bbe00000
R12=0x000000012849d000, R13=0x0000000000005bb0, R14=0x000000006467c2e5, R15=0x00007f98bbd60dd0
RIP=0x000000010f953eb9, EFLAGS=0x0000000000010202, ERR=0x0000000000000004
  TRAPNO=0x000000000000000e

Top of Stack: (sp=0x000070000514a5b0)
0x000070000514a5b0:   00007000288fcd50 0000000028bd9158
0x000070000514a5c0:   000070000514a620 00007fff8ed22ed2
0x000070000514a5d0:   000070000514a5f0 00007f98bbd1b400
0x000070000514a5e0:   00007f98bbec7850 00007f98bbd1b400
0x000070000514a5f0:   000000012849d000 0000000000005bb0
0x000070000514a600:   000000006467c2e5 00007f98bbd60dd0
0x000070000514a610:   000070000514a670 000000010f954554
0x000070000514a620:   000070000514a6d6 000070000514a6d5
0x000070000514a630:   0000004600000000 000000470110e000
0x000070000514a640:   000070000514a68e 000070000514aad8
0x000070000514a650:   0000000000000047 000070000514a68e
0x000070000514a660:   00007f98bbd1b400 00007f98bc10e1f8
0x000070000514a670:   000070000514aac0 000000010f95334f
0x000070000514a680:   000070000514a6e0 726f7fff00000001
0x000070000514a690:   6568636170612f67 632f616b66616b2f
0x000070000514a6a0:   632f73746e65696c 2f72656d75736e6f
0x000070000514a6b0:   6c616e7265746e69 6d75736e6f432f73
0x000070000514a6c0:   6964726f6f437265 2e3124726f74616e
0x000070000514a6d0:   0000007373616c63 00007fff8ed6c9a0
0x000070000514a6e0:   000070000514aad0 00007fff8ed2d653
0x000070000514a6f0:   00000001107dd799 0000000000000000
0x000070000514a700:   ffffffffffffffff 0000000000000000
0x000070000514a710:   000070000514ab00 00007fff8ed2d9bd
0x000070000514a720:   00000002107d291e 000070000514b1a0
0x000070000514a730:   000000000000004f 00007fff8ed6c9a0
0x000070000514a740:   00007fff79a956b8 00000000ffffffff
0x000070000514a750:   00000000f2b4525c 0000000111444d1e
0x000070000514a760:   00000007403c8e68 000000011140a774
0x000070000514a770:   00007fff5fff691c 0000000000000001
0x000070000514a780:   0000000000000000 0000000795a292c8
0x000070000514a790:   000070000514af08 0000000000000054
0x000070000514a7a0:   0000000795a29288 0000000111380f3c 

Instructions: (pc=0x000000010f953eb9)
0x000000010f953e99:   49 8b 7f 38 e8 50 1b 00 00 4d 89 77 38 49 89 5f
0x000000010f953ea9:   40 4c 89 f0 48 85 c0 0f 84 11 05 00 00 48 89 c3
0x000000010f953eb9:   0f b6 43 0c 0f b6 4b 0d 48 c1 e1 08 48 01 c1 0f
0x000000010f953ec9:   b6 43 0e 0f b6 53 0f 48 c1 e2 08 48 01 c2 48 c1 

Register to memory mapping:

RAX=0x00007f98bbd1b400 is an unknown value
RBX=0x00000001283ced3d is an unknown value
RCX=0x0000000000000c00 is an unknown value
RDX=0x0000000000000000 is an unknown value
RSP=0x000070000514a5b0 is pointing into the stack for thread: 0x00007f98bc10e000
RBP=0x000070000514a610 is pointing into the stack for thread: 0x00007f98bc10e000
RSI=0x00007f98bbe00000 is an unknown value
RDI=0x000000010f6a2a00 is an unknown value
R8 =0x0000000000000004 is an unknown value
R9 =0x00000000fffffc00 is an unknown value
R10=0x0000000000000002 is an unknown value
R11=0x00007f98bbe00000 is an unknown value
R12=0x000000012849d000 is an unknown value
R13=0x0000000000005bb0 is an unknown value
R14=0x000000006467c2e5 is an unknown value
R15=0x00007f98bbd60dd0 is an unknown value


Stack: [0x000070000474d000,0x000070000514d000],  sp=0x000070000514a5b0,  free space=10229k
Native frames: (J=compiled Java code, j=interpreted, Vv=VM code, C=native code)
C  [libzip.dylib+0x2eb9]  newEntry+0x154
C  [libzip.dylib+0x3554]  ZIP_GetEntry2+0xd4
C  [libzip.dylib+0x234f]  Java_java_util_zip_ZipFile_getEntry+0xcf
J 197  java.util.zip.ZipFile.getEntry(J[BZ)J (0 bytes) @ 0x00000001112f924e [0x00000001112f9180+0xce]
J 733 C2 sun.misc.URLClassPath$JarLoader.getResource(Ljava/lang/String;Z)Lsun/misc/Resource; (85 bytes) @ 0x0000000111469b04 [0x00000001114695e0+0x524]
J 196 C1 sun.misc.URLClassPath.getResource(Ljava/lang/String;Z)Lsun/misc/Resource; (83 bytes) @ 0x00000001112fabac [0x00000001112faa40+0x16c]
J 246 C1 java.net.URLClassLoader$1.run()Ljava/lang/Class; (63 bytes) @ 0x000000011131276c [0x0000000111312560+0x20c]
J 203 C1 java.net.URLClassLoader$1.run()Ljava/lang/Object; (5 bytes) @ 0x00000001112fec4c [0x00000001112febc0+0x8c]
v  ~StubRoutines::call_stub
V  [libjvm.dylib+0x2eab02]
V  [libjvm.dylib+0x34afcc]
J 202  java.security.AccessController.doPrivileged(Ljava/security/PrivilegedExceptionAction;Ljava/security/AccessControlContext;)Ljava/lang/Object; (0 bytes) @ 0x00000001112fa3d5 [0x00000001112fa300+0xd5]
J 200 C1 java.net.URLClassLoader.findClass(Ljava/lang/String;)Ljava/lang/Class; (47 bytes) @ 0x00000001112f9b14 [0x00000001112f9980+0x194]
J 114 C1 java.lang.ClassLoader.loadClass(Ljava/lang/String;Z)Ljava/lang/Class; (122 bytes) @ 0x00000001112cd164 [0x00000001112cc800+0x964]
J 242 C1 sun.misc.Launcher$AppClassLoader.loadClass(Ljava/lang/String;Z)Ljava/lang/Class; (85 bytes) @ 0x0000000111311124 [0x0000000111310780+0x9a4]
J 241 C1 java.lang.ClassLoader.loadClass(Ljava/lang/String;)Ljava/lang/Class; (7 bytes) @ 0x000000011130df84 [0x000000011130de80+0x104]
v  ~StubRoutines::call_stub
V  [libjvm.dylib+0x2eab02]
V  [libjvm.dylib+0x2eb290]
V  [libjvm.dylib+0x2eb3e8]
V  [libjvm.dylib+0x533640]
V  [libjvm.dylib+0x532dd9]
V  [libjvm.dylib+0x53385c]
V  [libjvm.dylib+0x447366]
V  [libjvm.dylib+0x1b8704]
V  [libjvm.dylib+0xa133a]
V  [libjvm.dylib+0x4f9994]
V  [libjvm.dylib+0xa28bb]
V  [libjvm.dylib+0x4fa16b]
V  [libjvm.dylib+0x2e436b]
V  [libjvm.dylib+0x2e4582]
j  org.apache.kafka.clients.consumer.internals.ConsumerCoordinator$OffsetCommitResponseHandler.<init>(Lorg/apache/kafka/clients/consumer/internals/ConsumerCoordinator;Ljava/util/Map;Lorg/apache/kafka/clients/consumer/internals/ConsumerCoordinator$1;)V+0
J 2911 C2 org.apache.kafka.clients.consumer.internals.ConsumerCoordinator.sendOffsetCommitRequest(Ljava/util/Map;)Lorg/apache/kafka/clients/consumer/internals/RequestFuture; (405 bytes) @ 0x00000001119e4a60 [0x00000001119e3960+0x1100]
J 2873 C2 org.apache.kafka.clients.consumer.internals.ConsumerCoordinator.poll(Lorg/apache/kafka/common/utils/Timer;)Z (154 bytes) @ 0x00000001118b88e4 [0x00000001118b7c80+0xc64]
J 2875 C2 org.apache.kafka.clients.consumer.KafkaConsumer.poll(Lorg/apache/kafka/common/utils/Timer;Z)Lorg/apache/kafka/clients/consumer/ConsumerRecords; (178 bytes) @ 0x0000000111852d94 [0x0000000111852c00+0x194]
J 2694% C2 ini.broker.KafkaBrokerClient.consume(Ljava/lang/String;Ljava/util/function/Consumer;)V (364 bytes) @ 0x0000000111701008 [0x0000000111700a80+0x588]
j  ini.broker.CoreBrokerClient$5.run()V+44
v  ~StubRoutines::call_stub
V  [libjvm.dylib+0x2eab02]
V  [libjvm.dylib+0x2eb290]
V  [libjvm.dylib+0x2eb43c]
V  [libjvm.dylib+0x345959]
V  [libjvm.dylib+0x5612d3]
V  [libjvm.dylib+0x5629ce]
V  [libjvm.dylib+0x48342e]
C  [libsystem_pthread.dylib+0x399d]  _pthread_body+0x83
C  [libsystem_pthread.dylib+0x391a]  _pthread_body+0x0
C  [libsystem_pthread.dylib+0x1351]  thread_start+0xd
C  0x0000000000000000

Java frames: (J=compiled Java code, j=interpreted, Vv=VM code)
J 197  java.util.zip.ZipFile.getEntry(J[BZ)J (0 bytes) @ 0x00000001112f91d8 [0x00000001112f9180+0x58]
J 733 C2 sun.misc.URLClassPath$JarLoader.getResource(Ljava/lang/String;Z)Lsun/misc/Resource; (85 bytes) @ 0x0000000111469b04 [0x00000001114695e0+0x524]
J 196 C1 sun.misc.URLClassPath.getResource(Ljava/lang/String;Z)Lsun/misc/Resource; (83 bytes) @ 0x00000001112fabac [0x00000001112faa40+0x16c]
J 246 C1 java.net.URLClassLoader$1.run()Ljava/lang/Class; (63 bytes) @ 0x000000011131276c [0x0000000111312560+0x20c]
J 203 C1 java.net.URLClassLoader$1.run()Ljava/lang/Object; (5 bytes) @ 0x00000001112fec4c [0x00000001112febc0+0x8c]
v  ~StubRoutines::call_stub
J 202  java.security.AccessController.doPrivileged(Ljava/security/PrivilegedExceptionAction;Ljava/security/AccessControlContext;)Ljava/lang/Object; (0 bytes) @ 0x00000001112fa363 [0x00000001112fa300+0x63]
J 200 C1 java.net.URLClassLoader.findClass(Ljava/lang/String;)Ljava/lang/Class; (47 bytes) @ 0x00000001112f9b14 [0x00000001112f9980+0x194]
J 114 C1 java.lang.ClassLoader.loadClass(Ljava/lang/String;Z)Ljava/lang/Class; (122 bytes) @ 0x00000001112cd164 [0x00000001112cc800+0x964]
J 242 C1 sun.misc.Launcher$AppClassLoader.loadClass(Ljava/lang/String;Z)Ljava/lang/Class; (85 bytes) @ 0x0000000111311124 [0x0000000111310780+0x9a4]
J 241 C1 java.lang.ClassLoader.loadClass(Ljava/lang/String;)Ljava/lang/Class; (7 bytes) @ 0x000000011130df84 [0x000000011130de80+0x104]
v  ~StubRoutines::call_stub
j  org.apache.kafka.clients.consumer.internals.ConsumerCoordinator$OffsetCommitResponseHandler.<init>(Lorg/apache/kafka/clients/consumer/internals/ConsumerCoordinator;Ljava/util/Map;Lorg/apache/kafka/clients/consumer/internals/ConsumerCoordinator$1;)V+0
J 2911 C2 org.apache.kafka.clients.consumer.internals.ConsumerCoordinator.sendOffsetCommitRequest(Ljava/util/Map;)Lorg/apache/kafka/clients/consumer/internals/RequestFuture; (405 bytes) @ 0x00000001119e4a60 [0x00000001119e3960+0x1100]
J 2873 C2 org.apache.kafka.clients.consumer.internals.ConsumerCoordinator.poll(Lorg/apache/kafka/common/utils/Timer;)Z (154 bytes) @ 0x00000001118b88e4 [0x00000001118b7c80+0xc64]
J 2875 C2 org.apache.kafka.clients.consumer.KafkaConsumer.poll(Lorg/apache/kafka/common/utils/Timer;Z)Lorg/apache/kafka/clients/consumer/ConsumerRecords; (178 bytes) @ 0x0000000111852d94 [0x0000000111852c00+0x194]
J 2694% C2 ini.broker.KafkaBrokerClient.consume(Ljava/lang/String;Ljava/util/function/Consumer;)V (364 bytes) @ 0x0000000111701008 [0x0000000111700a80+0x588]
j  ini.broker.CoreBrokerClient$5.run()V+44
v  ~StubRoutines::call_stub

---------------  P R O C E S S  ---------------

Java Threads: ( => current thread )
  0x00007f98bd308800 JavaThread "DestroyJavaVM" [_thread_blocked, id=5891, stack(0x000070000011a000,0x0000700000b1a000)]
  0x00007f98bc221800 JavaThread "kafka-coordinator-heartbeat-thread | CoreIniConsumer2" daemon [_thread_blocked, id=23811, stack(0x000070000795c000,0x000070000835c000)]
  0x00007f98bc221000 JavaThread "kafka-coordinator-heartbeat-thread | CoreIniConsumer2" daemon [_thread_blocked, id=23299, stack(0x0000700006f59000,0x0000700007959000)]
  0x00007f98bd305800 JavaThread "kafka-coordinator-heartbeat-thread | CoreIniConsumer2" daemon [_thread_blocked, id=22799, stack(0x0000700006556000,0x0000700006f56000)]
  0x00007f98bd2d1000 JavaThread "kafka-producer-network-thread | IniProducer" daemon [_thread_in_native, id=21251, stack(0x0000700005b53000,0x0000700006553000)]
  0x00007f98bc852800 JavaThread "Thread-2" [_thread_in_native, id=20739, stack(0x0000700005150000,0x0000700005b50000)]
=>0x00007f98bc10e000 JavaThread "Thread-1" [_thread_in_native, id=20227, stack(0x000070000474d000,0x000070000514d000)]
  0x00007f98bd1d7000 JavaThread "Thread-0" [_thread_in_native, id=19715, stack(0x0000700003d4a000,0x000070000474a000)]
  0x00007f98bc030000 JavaThread "Service Thread" daemon [_thread_blocked, id=18691, stack(0x0000700003244000,0x0000700003c44000)]
  0x00007f98bc804800 JavaThread "C1 CompilerThread2" daemon [_thread_blocked, id=18179, stack(0x0000700003141000,0x0000700003241000)]
  0x00007f98bc025000 JavaThread "C2 CompilerThread1" daemon [_thread_blocked, id=17667, stack(0x000070000303e000,0x000070000313e000)]
  0x00007f98bd032000 JavaThread "C2 CompilerThread0" daemon [_thread_blocked, id=17155, stack(0x0000700002f3b000,0x000070000303b000)]
  0x00007f98bc021000 JavaThread "Signal Dispatcher" daemon [_thread_blocked, id=12819, stack(0x0000700002538000,0x0000700002f38000)]
  0x00007f98bc01b800 JavaThread "Finalizer" daemon [_thread_blocked, id=12291, stack(0x0000700001a2f000,0x000070000242f000)]
  0x00007f98bc01a800 JavaThread "Reference Handler" daemon [_thread_blocked, id=11779, stack(0x000070000102c000,0x0000700001a2c000)]

Other Threads:
  0x00007f98bd803000 VMThread [stack: 0x0000700000f29000,0x0000700001029000] [id=11267]
  0x00007f98bc031000 WatcherThread [stack: 0x0000700003c47000,0x0000700003d47000] [id=19203]

VM state:not at safepoint (normal execution)

VM Mutex/Monitor currently owned by a thread: None

Heap:
 PSYoungGen      total 24576K, used 5059K [0x0000000795580000, 0x0000000796e80000, 0x00000007c0000000)
  eden space 24064K, 20% used [0x0000000795580000,0x0000000795a50d30,0x0000000796d00000)
  from space 512K, 25% used [0x0000000796d80000,0x0000000796da0000,0x0000000796e00000)
  to   space 512K, 0% used [0x0000000796e00000,0x0000000796e00000,0x0000000796e80000)
 ParOldGen       total 87552K, used 7229K [0x0000000740000000, 0x0000000745580000, 0x0000000795580000)
  object space 87552K, 8% used [0x0000000740000000,0x000000074070f4b8,0x0000000745580000)
 Metaspace       used 15065K, capacity 15725K, committed 15872K, reserved 1062912K
  class space    used 1727K, capacity 1923K, committed 2048K, reserved 1048576K

Card table byte_map: [0x0000000120549000,0x000000012094a000] byte_map_base: 0x000000011cb49000

Marking Bits: (ParMarkBitMap*) 0x0000000110adee20
 Begin Bits: [0x0000000120bf5000, 0x0000000122bf5000)
 End Bits:   [0x0000000122bf5000, 0x0000000124bf5000)

Polling page: 0x000000010f947000

CodeCache: size=245760Kb used=8398Kb max_used=8435Kb free=237361Kb
 bounds [0x0000000111189000, 0x0000000111a09000, 0x0000000120189000]
 total_blobs=2793 nmethods=2323 adapters=383
 compilation: enabled

Compilation events (10 events):
Event: 9225.098 Thread 0x00007f98bc025000 2916       4       org.apache.kafka.common.message.OffsetCommitRequestData::toStruct (178 bytes)
Event: 9225.434 Thread 0x00007f98bc025000 nmethod 2916 0x00000001119f3490 code [0x00000001119f3ba0, 0x00000001119fa318]
Event: 9236.105 Thread 0x00007f98bc804800 2917       3       org.apache.kafka.common.protocol.types.Type$8::read (6 bytes)
Event: 9236.105 Thread 0x00007f98bc804800 nmethod 2917 0x000000011129b110 code [0x000000011129b280, 0x000000011129b488]
Event: 9236.105 Thread 0x00007f98bc804800 2918       3       org.apache.kafka.common.protocol.types.Type$8::read (82 bytes)
Event: 9236.106 Thread 0x00007f98bc804800 nmethod 2918 0x000000011177a390 code [0x000000011177a600, 0x000000011177b678]
Event: 9240.605 Thread 0x00007f98bd032000 2919       4       org.apache.kafka.common.requests.OffsetCommitRequest::toStruct (12 bytes)
Event: 9240.606 Thread 0x00007f98bd032000 nmethod 2919 0x00000001116161d0 code [0x0000000111616320, 0x00000001116163c8]
Event: 9315.209 Thread 0x00007f98bd032000 2920       4       org.apache.kafka.clients.consumer.internals.ConsumerCoordinator$OffsetCommitResponseHandler::<init> (16 bytes)
Event: 9315.210 Thread 0x00007f98bd032000 nmethod 2920 0x0000000111617c10 code [0x0000000111617d60, 0x0000000111617df8]

GC Heap History (10 events):
Event: 8882.097 GC heap before
{Heap before GC invocations=177 (full 0):
 PSYoungGen      total 24576K, used 24192K [0x0000000795580000, 0x0000000796e80000, 0x00000007c0000000)
  eden space 24064K, 100% used [0x0000000795580000,0x0000000796d00000,0x0000000796d00000)
  from space 512K, 25% used [0x0000000796e00000,0x0000000796e20000,0x0000000796e80000)
  to   space 512K, 0% used [0x0000000796d80000,0x0000000796d80000,0x0000000796e00000)
 ParOldGen       total 87552K, used 7205K [0x0000000740000000, 0x0000000745580000, 0x0000000795580000)
  object space 87552K, 8% used [0x0000000740000000,0x00000007407094b8,0x0000000745580000)
 Metaspace       used 15056K, capacity 15725K, committed 15872K, reserved 1062912K
  class space    used 1727K, capacity 1923K, committed 2048K, reserved 1048576K
Event: 8882.099 GC heap after
Heap after GC invocations=177 (full 0):
 PSYoungGen      total 24576K, used 64K [0x0000000795580000, 0x0000000796e80000, 0x00000007c0000000)
  eden space 24064K, 0% used [0x0000000795580000,0x0000000795580000,0x0000000796d00000)
  from space 512K, 12% used [0x0000000796d80000,0x0000000796d90000,0x0000000796e00000)
  to   space 512K, 0% used [0x0000000796e00000,0x0000000796e00000,0x0000000796e80000)
 ParOldGen       total 87552K, used 7205K [0x0000000740000000, 0x0000000745580000, 0x0000000795580000)
  object space 87552K, 8% used [0x0000000740000000,0x00000007407094b8,0x0000000745580000)
 Metaspace       used 15056K, capacity 15725K, committed 15872K, reserved 1062912K
  class space    used 1727K, capacity 1923K, committed 2048K, reserved 1048576K
}
Event: 8989.616 GC heap before
{Heap before GC invocations=178 (full 0):
 PSYoungGen      total 24576K, used 24128K [0x0000000795580000, 0x0000000796e80000, 0x00000007c0000000)
  eden space 24064K, 100% used [0x0000000795580000,0x0000000796d00000,0x0000000796d00000)
  from space 512K, 12% used [0x0000000796d80000,0x0000000796d90000,0x0000000796e00000)
  to   space 512K, 0% used [0x0000000796e00000,0x0000000796e00000,0x0000000796e80000)
 ParOldGen       total 87552K, used 7205K [0x0000000740000000, 0x0000000745580000, 0x0000000795580000)
  object space 87552K, 8% used [0x0000000740000000,0x00000007407094b8,0x0000000745580000)
 Metaspace       used 15064K, capacity 15725K, committed 15872K, reserved 1062912K
  class space    used 1727K, capacity 1923K, committed 2048K, reserved 1048576K
Event: 8989.618 GC heap after
Heap after GC invocations=178 (full 0):
 PSYoungGen      total 24576K, used 64K [0x0000000795580000, 0x0000000796e80000, 0x00000007c0000000)
  eden space 24064K, 0% used [0x0000000795580000,0x0000000795580000,0x0000000796d00000)
  from space 512K, 12% used [0x0000000796e00000,0x0000000796e10000,0x0000000796e80000)
  to   space 512K, 0% used [0x0000000796d80000,0x0000000796d80000,0x0000000796e00000)
 ParOldGen       total 87552K, used 7213K [0x0000000740000000, 0x0000000745580000, 0x0000000795580000)
  object space 87552K, 8% used [0x0000000740000000,0x000000074070b4b8,0x0000000745580000)
 Metaspace       used 15064K, capacity 15725K, committed 15872K, reserved 1062912K
  class space    used 1727K, capacity 1923K, committed 2048K, reserved 1048576K
}
Event: 9098.555 GC heap before
{Heap before GC invocations=179 (full 0):
 PSYoungGen      total 24576K, used 24128K [0x0000000795580000, 0x0000000796e80000, 0x00000007c0000000)
  eden space 24064K, 100% used [0x0000000795580000,0x0000000796d00000,0x0000000796d00000)
  from space 512K, 12% used [0x0000000796e00000,0x0000000796e10000,0x0000000796e80000)
  to   space 512K, 0% used [0x0000000796d80000,0x0000000796d80000,0x0000000796e00000)
 ParOldGen       total 87552K, used 7213K [0x0000000740000000, 0x0000000745580000, 0x0000000795580000)
  object space 87552K, 8% used [0x0000000740000000,0x000000074070b4b8,0x0000000745580000)
 Metaspace       used 15064K, capacity 15725K, committed 15872K, reserved 1062912K
  class space    used 1727K, capacity 1923K, committed 2048K, reserved 1048576K
Event: 9098.557 GC heap after
Heap after GC invocations=179 (full 0):
 PSYoungGen      total 24576K, used 96K [0x0000000795580000, 0x0000000796e80000, 0x00000007c0000000)
  eden space 24064K, 0% used [0x0000000795580000,0x0000000795580000,0x0000000796d00000)
  from space 512K, 18% used [0x0000000796d80000,0x0000000796d98000,0x0000000796e00000)
  to   space 512K, 0% used [0x0000000796e00000,0x0000000796e00000,0x0000000796e80000)
 ParOldGen       total 87552K, used 7229K [0x0000000740000000, 0x0000000745580000, 0x0000000795580000)
  object space 87552K, 8% used [0x0000000740000000,0x000000074070f4b8,0x0000000745580000)
 Metaspace       used 15064K, capacity 15725K, committed 15872K, reserved 1062912K
  class space    used 1727K, capacity 1923K, committed 2048K, reserved 1048576K
}
Event: 9208.231 GC heap before
{Heap before GC invocations=180 (full 0):
 PSYoungGen      total 24576K, used 24160K [0x0000000795580000, 0x0000000796e80000, 0x00000007c0000000)
  eden space 24064K, 100% used [0x0000000795580000,0x0000000796d00000,0x0000000796d00000)
  from space 512K, 18% used [0x0000000796d80000,0x0000000796d98000,0x0000000796e00000)
  to   space 512K, 0% used [0x0000000796e00000,0x0000000796e00000,0x0000000796e80000)
 ParOldGen       total 87552K, used 7229K [0x0000000740000000, 0x0000000745580000, 0x0000000795580000)
  object space 87552K, 8% used [0x0000000740000000,0x000000074070f4b8,0x0000000745580000)
 Metaspace       used 15064K, capacity 15725K, committed 15872K, reserved 1062912K
  class space    used 1727K, capacity 1923K, committed 2048K, reserved 1048576K
Event: 9208.232 GC heap after
Heap after GC invocations=180 (full 0):
 PSYoungGen      total 24576K, used 96K [0x0000000795580000, 0x0000000796e80000, 0x00000007c0000000)
  eden space 24064K, 0% used [0x0000000795580000,0x0000000795580000,0x0000000796d00000)
  from space 512K, 18% used [0x0000000796e00000,0x0000000796e18000,0x0000000796e80000)
  to   space 512K, 0% used [0x0000000796d80000,0x0000000796d80000,0x0000000796e00000)
 ParOldGen       total 87552K, used 7229K [0x0000000740000000, 0x0000000745580000, 0x0000000795580000)
  object space 87552K, 8% used [0x0000000740000000,0x000000074070f4b8,0x0000000745580000)
 Metaspace       used 15064K, capacity 15725K, committed 15872K, reserved 1062912K
  class space    used 1727K, capacity 1923K, committed 2048K, reserved 1048576K
}
Event: 9302.609 GC heap before
{Heap before GC invocations=181 (full 0):
 PSYoungGen      total 24576K, used 24160K [0x0000000795580000, 0x0000000796e80000, 0x00000007c0000000)
  eden space 24064K, 100% used [0x0000000795580000,0x0000000796d00000,0x0000000796d00000)
  from space 512K, 18% used [0x0000000796e00000,0x0000000796e18000,0x0000000796e80000)
  to   space 512K, 0% used [0x0000000796d80000,0x0000000796d80000,0x0000000796e00000)
 ParOldGen       total 87552K, used 7229K [0x0000000740000000, 0x0000000745580000, 0x0000000795580000)
  object space 87552K, 8% used [0x0000000740000000,0x000000074070f4b8,0x0000000745580000)
 Metaspace       used 15065K, capacity 15725K, committed 15872K, reserved 1062912K
  class space    used 1727K, capacity 1923K, committed 2048K, reserved 1048576K
Event: 9302.611 GC heap after
Heap after GC invocations=181 (full 0):
 PSYoungGen      total 24576K, used 128K [0x0000000795580000, 0x0000000796e80000, 0x00000007c0000000)
  eden space 24064K, 0% used [0x0000000795580000,0x0000000795580000,0x0000000796d00000)
  from space 512K, 25% used [0x0000000796d80000,0x0000000796da0000,0x0000000796e00000)
  to   space 512K, 0% used [0x0000000796e00000,0x0000000796e00000,0x0000000796e80000)
 ParOldGen       total 87552K, used 7229K [0x0000000740000000, 0x0000000745580000, 0x0000000795580000)
  object space 87552K, 8% used [0x0000000740000000,0x000000074070f4b8,0x0000000745580000)
 Metaspace       used 15065K, capacity 15725K, committed 15872K, reserved 1062912K
  class space    used 1727K, capacity 1923K, committed 2048K, reserved 1048576K
}

Deoptimization events (10 events):
Event: 7430.795 Thread 0x00007f98bd305800 Uncommon trap: reason=unstable_if action=reinterpret pc=0x000000011160196c method=org.apache.kafka.common.Node.hashCode()I @ 6
Event: 7430.796 Thread 0x00007f98bd1d7000 Uncommon trap: reason=bimorphic action=maybe_recompile pc=0x000000011162c6c4 method=org.apache.kafka.clients.consumer.internals.RequestFuture$1.onSuccess(Ljava/lang/Object;)V @ 9
Event: 7431.194 Thread 0x00007f98bc10e000 Uncommon trap: reason=unstable_if action=reinterpret pc=0x000000011159f464 method=org.apache.kafka.common.protocol.types.ArrayOf.read(Ljava/nio/ByteBuffer;)Ljava/lang/Object; @ 6
Event: 7431.194 Thread 0x00007f98bc10e000 Uncommon trap: reason=unstable_if action=reinterpret pc=0x0000000111655f98 method=org.apache.kafka.common.requests.FetchResponse.parse(Lorg/apache/kafka/common/protocol/types/Struct;)Lorg/apache/kafka/common/requests/FetchResponse; @ 24
Event: 7431.194 Thread 0x00007f98bc10e000 Uncommon trap: reason=unstable_if action=reinterpret pc=0x000000011164fb04 method=org.apache.kafka.common.requests.FetchMetadata.isFull()Z @ 4
Event: 7431.194 Thread 0x00007f98bc10e000 Uncommon trap: reason=predicate action=maybe_recompile pc=0x00000001117d4fe8 method=java.util.AbstractCollection.addAll(Ljava/util/Collection;)Z @ 18
Event: 7431.194 Thread 0x00007f98bc10e000 Uncommon trap: reason=unstable_if action=reinterpret pc=0x00000001116449ac method=org.apache.kafka.clients.consumer.internals.Fetcher$1.onSuccess(Lorg/apache/kafka/clients/ClientResponse;)V @ 177
Event: 7431.194 Thread 0x00007f98bc10e000 Uncommon trap: reason=bimorphic action=maybe_recompile pc=0x000000011162c6c4 method=org.apache.kafka.clients.consumer.internals.RequestFuture$1.onSuccess(Ljava/lang/Object;)V @ 9
Event: 7431.195 Thread 0x00007f98bc10e000 Uncommon trap: reason=unstable_if action=reinterpret pc=0x000000011179fd8c method=java.util.concurrent.ConcurrentLinkedQueue.peek()Ljava/lang/Object; @ 24
Event: 7431.198 Thread 0x00007f98bc852800 Uncommon trap: reason=unstable_if action=reinterpret pc=0x000000011179c4a4 method=java.util.concurrent.ConcurrentLinkedQueue.peek()Ljava/lang/Object; @ 24

Internal exceptions (10 events):
Event: 0.767 Thread 0x00007f98bc852800 Exception <a 'java/net/ConnectException'> (0x0000000797366810) thrown at [/Users/java_re/workspace/8-2-build-macosx-x86_64/jdk8u65/4987/hotspot/src/share/vm/prims/jni.cpp, line 709]
Event: 0.773 Thread 0x00007f98bd1d7000 Exception <a 'java/net/ConnectException'> (0x000000079699bb28) thrown at [/Users/java_re/workspace/8-2-build-macosx-x86_64/jdk8u65/4987/hotspot/src/share/vm/prims/jni.cpp, line 709]
Event: 3.415 Thread 0x00007f98bc852800 Exception <a 'java/lang/NoSuchMethodError': java.lang.Object.lambda$isEqual$13(Ljava/lang/Object;Ljava/lang/Object;)Z> (0x0000000795ae9fb0) thrown at [/Users/java_re/workspace/8-2-build-macosx-x86_64/jdk8u65/4987/hotspot/src/share/vm/interpreter/linkResol
Event: 3.416 Thread 0x00007f98bc852800 Exception <a 'java/lang/NoSuchMethodError': java.lang.Object.lambda$negate$11(Ljava/lang/Object;)Z> (0x0000000795aef958) thrown at [/Users/java_re/workspace/8-2-build-macosx-x86_64/jdk8u65/4987/hotspot/src/share/vm/interpreter/linkResolver.cpp, line 582]
Event: 543.549 Thread 0x00007f98bc221000 Implicit null exception at 0x00000001118b698f to 0x00000001118bb191
Event: 7430.662 Thread 0x00007f98bc10e000 Implicit null exception at 0x00000001114d1b79 to 0x00000001114d1e7f
Event: 7430.678 Thread 0x00007f98bc10e000 Implicit null exception at 0x0000000111877450 to 0x0000000111877461
Event: 7430.679 Thread 0x00007f98bc221800 Implicit null exception at 0x0000000111877450 to 0x0000000111877461
Event: 7430.684 Thread 0x00007f98bd305800 Implicit null exception at 0x0000000111877450 to 0x0000000111877461
Event: 7430.795 Thread 0x00007f98bd305800 Implicit null exception at 0x00000001116012f8 to 0x000000011160194d

Events (10 events):
Event: 9208.231 Executing VM operation: ParallelGCFailedAllocation
Event: 9208.232 Executing VM operation: ParallelGCFailedAllocation done
Event: 9236.106 Thread 0x00007f98bc804800 flushing nmethod 0x000000011153c950
Event: 9240.606 Thread 0x00007f98bd032000 flushing nmethod 0x000000011158a9d0
Event: 9240.606 Thread 0x00007f98bd032000 flushing nmethod 0x00000001115b9f50
Event: 9302.609 Executing VM operation: ParallelGCFailedAllocation
Event: 9302.611 Executing VM operation: ParallelGCFailedAllocation done
Event: 9315.210 Thread 0x00007f98bd032000 flushing nmethod 0x00000001115d9990
Event: 9320.655 loading class org/apache/kafka/clients/consumer/internals/ConsumerCoordinator$1
Event: 9320.655 loading class org/apache/kafka/clients/consumer/internals/ConsumerCoordinator$1 done


Dynamic libraries:
0x0000000008359000 	/System/Library/Frameworks/Cocoa.framework/Versions/A/Cocoa
0x0000000008359000 	/System/Library/Frameworks/Security.framework/Versions/A/Security
0x0000000008359000 	/System/Library/Frameworks/ApplicationServices.framework/Versions/A/ApplicationServices
0x0000000008359000 	/usr/lib/libz.1.dylib
0x0000000008359000 	/usr/lib/libSystem.B.dylib
0x0000000008359000 	/usr/lib/libobjc.A.dylib
0x0000000008359000 	/System/Library/Frameworks/CoreFoundation.framework/Versions/A/CoreFoundation
0x0000000008359000 	/System/Library/Frameworks/Foundation.framework/Versions/C/Foundation
0x0000000008359000 	/System/Library/Frameworks/AppKit.framework/Versions/C/AppKit
0x0000000008359000 	/System/Library/Frameworks/CoreData.framework/Versions/A/CoreData
0x0000000008359000 	/System/Library/PrivateFrameworks/RemoteViewServices.framework/Versions/A/RemoteViewServices
0x0000000008359000 	/System/Library/PrivateFrameworks/UIFoundation.framework/Versions/A/UIFoundation
0x0000000008359000 	/usr/lib/libScreenReader.dylib
0x0000000008359000 	/System/Library/Frameworks/Accelerate.framework/Versions/A/Accelerate
0x0000000008359000 	/System/Library/Frameworks/IOSurface.framework/Versions/A/IOSurface
0x0000000008359000 	/System/Library/Frameworks/AudioToolbox.framework/Versions/A/AudioToolbox
0x0000000008359000 	/System/Library/Frameworks/AudioUnit.framework/Versions/A/AudioUnit
0x0000000008359000 	/System/Library/PrivateFrameworks/DataDetectorsCore.framework/Versions/A/DataDetectorsCore
0x0000000008359000 	/System/Library/PrivateFrameworks/DesktopServicesPriv.framework/Versions/A/DesktopServicesPriv
0x0000000008359000 	/System/Library/Frameworks/Carbon.framework/Versions/A/Frameworks/HIToolbox.framework/Versions/A/HIToolbox
0x0000000008359000 	/System/Library/Frameworks/QuartzCore.framework/Versions/A/QuartzCore
0x0000000008359000 	/System/Library/Frameworks/Carbon.framework/Versions/A/Frameworks/SpeechRecognition.framework/Versions/A/SpeechRecognition
0x0000000008359000 	/usr/lib/libauto.dylib
0x0000000008359000 	/usr/lib/libicucore.A.dylib
0x0000000008359000 	/usr/lib/libxml2.2.dylib
0x0000000008359000 	/System/Library/PrivateFrameworks/CoreUI.framework/Versions/A/CoreUI
0x0000000008359000 	/System/Library/Frameworks/CoreAudio.framework/Versions/A/CoreAudio
0x0000000008359000 	/System/Library/Frameworks/DiskArbitration.framework/Versions/A/DiskArbitration
0x0000000008359000 	/usr/lib/liblangid.dylib
0x0000000008359000 	/System/Library/PrivateFrameworks/MultitouchSupport.framework/Versions/A/MultitouchSupport
0x0000000008359000 	/System/Library/Frameworks/IOKit.framework/Versions/A/IOKit
0x0000000008359000 	/usr/lib/libDiagnosticMessagesClient.dylib
0x0000000008359000 	/System/Library/Frameworks/CoreServices.framework/Versions/A/CoreServices
0x0000000008359000 	/System/Library/PrivateFrameworks/PerformanceAnalysis.framework/Versions/A/PerformanceAnalysis
0x0000000008359000 	/System/Library/PrivateFrameworks/GenerationalStorage.framework/Versions/A/GenerationalStorage
0x0000000008359000 	/System/Library/Frameworks/OpenGL.framework/Versions/A/OpenGL
0x0000000008359000 	/System/Library/PrivateFrameworks/Sharing.framework/Versions/A/Sharing
0x0000000008359000 	/System/Library/Frameworks/CoreGraphics.framework/Versions/A/CoreGraphics
0x0000000008359000 	/System/Library/Frameworks/CoreImage.framework/Versions/A/CoreImage
0x0000000008359000 	/System/Library/Frameworks/CoreText.framework/Versions/A/CoreText
0x0000000008359000 	/System/Library/Frameworks/ImageIO.framework/Versions/A/ImageIO
0x0000000008359000 	/System/Library/PrivateFrameworks/Backup.framework/Versions/A/Backup
0x0000000008359000 	/usr/lib/libextension.dylib
0x0000000008359000 	/usr/lib/libarchive.2.dylib
0x0000000008359000 	/System/Library/Frameworks/CFNetwork.framework/Versions/A/CFNetwork
0x0000000008359000 	/System/Library/Frameworks/SystemConfiguration.framework/Versions/A/SystemConfiguration
0x0000000008359000 	/usr/lib/libCRFSuite.dylib
0x0000000008359000 	/usr/lib/libc++.1.dylib
0x0000000008359000 	/usr/lib/libc++abi.dylib
0x0000000008359000 	/usr/lib/system/libcache.dylib
0x0000000008359000 	/usr/lib/system/libcommonCrypto.dylib
0x0000000008359000 	/usr/lib/system/libcompiler_rt.dylib
0x0000000008359000 	/usr/lib/system/libcopyfile.dylib
0x0000000008359000 	/usr/lib/system/libcorecrypto.dylib
0x0000000008359000 	/usr/lib/system/libdispatch.dylib
0x0000000008359000 	/usr/lib/system/libdyld.dylib
0x0000000008359000 	/usr/lib/system/libkeymgr.dylib
0x0000000008359000 	/usr/lib/system/liblaunch.dylib
0x0000000008359000 	/usr/lib/system/libmacho.dylib
0x0000000008359000 	/usr/lib/system/libquarantine.dylib
0x0000000008359000 	/usr/lib/system/libremovefile.dylib
0x0000000008359000 	/usr/lib/system/libsystem_asl.dylib
0x0000000008359000 	/usr/lib/system/libsystem_blocks.dylib
0x0000000008359000 	/usr/lib/system/libsystem_c.dylib
0x0000000008359000 	/usr/lib/system/libsystem_configuration.dylib
0x0000000008359000 	/usr/lib/system/libsystem_coreservices.dylib
0x0000000008359000 	/usr/lib/system/libsystem_coretls.dylib
0x0000000008359000 	/usr/lib/system/libsystem_dnssd.dylib
0x0000000008359000 	/usr/lib/system/libsystem_info.dylib
0x0000000008359000 	/usr/lib/system/libsystem_kernel.dylib
0x0000000008359000 	/usr/lib/system/libsystem_m.dylib
0x0000000008359000 	/usr/lib/system/libsystem_malloc.dylib
0x0000000008359000 	/usr/lib/system/libsystem_network.dylib
0x0000000008359000 	/usr/lib/system/libsystem_networkextension.dylib
0x0000000008359000 	/usr/lib/system/libsystem_notify.dylib
0x0000000008359000 	/usr/lib/system/libsystem_platform.dylib
0x0000000008359000 	/usr/lib/system/libsystem_pthread.dylib
0x0000000008359000 	/usr/lib/system/libsystem_sandbox.dylib
0x0000000008359000 	/usr/lib/system/libsystem_secinit.dylib
0x0000000008359000 	/usr/lib/system/libsystem_trace.dylib
0x0000000008359000 	/usr/lib/system/libunc.dylib
0x0000000008359000 	/usr/lib/system/libunwind.dylib
0x0000000008359000 	/usr/lib/system/libxpc.dylib
0x0000000008359000 	/usr/lib/libenergytrace.dylib
0x0000000008359000 	/usr/lib/libbsm.0.dylib
0x0000000008359000 	/usr/lib/system/libkxld.dylib
0x0000000008359000 	/usr/lib/libxar.1.dylib
0x0000000008359000 	/usr/lib/libsqlite3.dylib
0x0000000008359000 	/usr/lib/libpam.2.dylib
0x0000000008359000 	/usr/lib/libOpenScriptingUtil.dylib
0x0000000008359000 	/usr/lib/libbz2.1.0.dylib
0x0000000008359000 	/usr/lib/liblzma.5.dylib
0x0000000008359000 	/System/Library/Frameworks/CoreServices.framework/Versions/A/Frameworks/FSEvents.framework/Versions/A/FSEvents
0x0000000008359000 	/System/Library/Frameworks/CoreServices.framework/Versions/A/Frameworks/CarbonCore.framework/Versions/A/CarbonCore
0x0000000008359000 	/System/Library/Frameworks/CoreServices.framework/Versions/A/Frameworks/Metadata.framework/Versions/A/Metadata
0x0000000008359000 	/System/Library/Frameworks/CoreServices.framework/Versions/A/Frameworks/OSServices.framework/Versions/A/OSServices
0x0000000008359000 	/System/Library/Frameworks/CoreServices.framework/Versions/A/Frameworks/SearchKit.framework/Versions/A/SearchKit
0x0000000008359000 	/System/Library/Frameworks/CoreServices.framework/Versions/A/Frameworks/AE.framework/Versions/A/AE
0x0000000008359000 	/System/Library/Frameworks/CoreServices.framework/Versions/A/Frameworks/LaunchServices.framework/Versions/A/LaunchServices
0x0000000008359000 	/System/Library/Frameworks/CoreServices.framework/Versions/A/Frameworks/DictionaryServices.framework/Versions/A/DictionaryServices
0x0000000008359000 	/System/Library/Frameworks/CoreServices.framework/Versions/A/Frameworks/SharedFileList.framework/Versions/A/SharedFileList
0x0000000008359000 	/System/Library/Frameworks/NetFS.framework/Versions/A/NetFS
0x0000000008359000 	/System/Library/PrivateFrameworks/NetAuth.framework/Versions/A/NetAuth
0x0000000008359000 	/System/Library/PrivateFrameworks/login.framework/Versions/A/Frameworks/loginsupport.framework/Versions/A/loginsupport
0x0000000008359000 	/System/Library/PrivateFrameworks/TCC.framework/Versions/A/TCC
0x0000000008359000 	/usr/lib/libmecabra.dylib
0x0000000008359000 	/System/Library/Frameworks/ApplicationServices.framework/Versions/A/Frameworks/ATS.framework/Versions/A/ATS
0x0000000008359000 	/System/Library/Frameworks/ApplicationServices.framework/Versions/A/Frameworks/ColorSync.framework/Versions/A/ColorSync
0x0000000008359000 	/System/Library/Frameworks/ApplicationServices.framework/Versions/A/Frameworks/HIServices.framework/Versions/A/HIServices
0x0000000008359000 	/System/Library/Frameworks/ApplicationServices.framework/Versions/A/Frameworks/LangAnalysis.framework/Versions/A/LangAnalysis
0x0000000008359000 	/System/Library/Frameworks/ApplicationServices.framework/Versions/A/Frameworks/PrintCore.framework/Versions/A/PrintCore
0x0000000008359000 	/System/Library/Frameworks/ApplicationServices.framework/Versions/A/Frameworks/QD.framework/Versions/A/QD
0x0000000008359000 	/System/Library/Frameworks/ApplicationServices.framework/Versions/A/Frameworks/SpeechSynthesis.framework/Versions/A/SpeechSynthesis
0x0000000008359000 	/System/Library/Frameworks/Metal.framework/Versions/A/Metal
0x0000000008359000 	/System/Library/Frameworks/Accelerate.framework/Versions/A/Frameworks/vImage.framework/Versions/A/vImage
0x0000000008359000 	/System/Library/Frameworks/Accelerate.framework/Versions/A/Frameworks/vecLib.framework/Versions/A/vecLib
0x0000000008359000 	/System/Library/Frameworks/Accelerate.framework/Versions/A/Frameworks/vecLib.framework/Versions/A/libvDSP.dylib
0x0000000008359000 	/System/Library/Frameworks/Accelerate.framework/Versions/A/Frameworks/vecLib.framework/Versions/A/libvMisc.dylib
0x0000000008359000 	/System/Library/Frameworks/Accelerate.framework/Versions/A/Frameworks/vecLib.framework/Versions/A/libLAPACK.dylib
0x0000000008359000 	/System/Library/Frameworks/Accelerate.framework/Versions/A/Frameworks/vecLib.framework/Versions/A/libBLAS.dylib
0x0000000008359000 	/System/Library/Frameworks/Accelerate.framework/Versions/A/Frameworks/vecLib.framework/Versions/A/libLinearAlgebra.dylib
0x0000000008359000 	/System/Library/Frameworks/Accelerate.framework/Versions/A/Frameworks/vecLib.framework/Versions/A/libSparseBLAS.dylib
0x0000000008359000 	/System/Library/PrivateFrameworks/GPUCompiler.framework/libmetal_timestamp.dylib
0x0000000008359000 	/System/Library/Frameworks/OpenGL.framework/Versions/A/Libraries/libCoreFSCache.dylib
0x0000000008359000 	/System/Library/PrivateFrameworks/IOAccelerator.framework/Versions/A/IOAccelerator
0x0000000008359000 	/System/Library/Frameworks/ApplicationServices.framework/Versions/A/Frameworks/ATS.framework/Versions/A/Resources/libFontParser.dylib
0x0000000008359000 	/System/Library/Frameworks/ApplicationServices.framework/Versions/A/Frameworks/ATS.framework/Versions/A/Resources/libFontRegistry.dylib
0x0000000008359000 	/System/Library/PrivateFrameworks/AppleVPA.framework/Versions/A/AppleVPA
0x0000000008359000 	/System/Library/PrivateFrameworks/AppleJPEG.framework/Versions/A/AppleJPEG
0x0000000008359000 	/System/Library/Frameworks/ImageIO.framework/Versions/A/Resources/libJPEG.dylib
0x0000000008359000 	/System/Library/Frameworks/ImageIO.framework/Versions/A/Resources/libTIFF.dylib
0x0000000008359000 	/System/Library/Frameworks/ImageIO.framework/Versions/A/Resources/libPng.dylib
0x0000000008359000 	/System/Library/Frameworks/ImageIO.framework/Versions/A/Resources/libGIF.dylib
0x0000000008359000 	/System/Library/Frameworks/ImageIO.framework/Versions/A/Resources/libJP2.dylib
0x0000000008359000 	/System/Library/Frameworks/ImageIO.framework/Versions/A/Resources/libRadiance.dylib
0x0000000008359000 	/System/Library/Frameworks/CoreVideo.framework/Versions/A/CoreVideo
0x0000000008359000 	/System/Library/Frameworks/OpenGL.framework/Versions/A/Libraries/libGLU.dylib
0x0000000008359000 	/System/Library/Frameworks/OpenGL.framework/Versions/A/Libraries/libGFXShared.dylib
0x0000000008359000 	/System/Library/Frameworks/OpenGL.framework/Versions/A/Libraries/libGL.dylib
0x0000000008359000 	/System/Library/Frameworks/OpenGL.framework/Versions/A/Libraries/libGLImage.dylib
0x0000000008359000 	/System/Library/Frameworks/OpenGL.framework/Versions/A/Libraries/libCVMSPluginSupport.dylib
0x0000000008359000 	/System/Library/Frameworks/OpenGL.framework/Versions/A/Libraries/libCoreVMClient.dylib
0x0000000008359000 	/usr/lib/libcompression.dylib
0x0000000008359000 	/usr/lib/libcups.2.dylib
0x0000000008359000 	/System/Library/Frameworks/Kerberos.framework/Versions/A/Kerberos
0x0000000008359000 	/System/Library/Frameworks/GSS.framework/Versions/A/GSS
0x0000000008359000 	/usr/lib/libresolv.9.dylib
0x0000000008359000 	/usr/lib/libiconv.2.dylib
0x0000000008359000 	/System/Library/PrivateFrameworks/Heimdal.framework/Versions/A/Heimdal
0x0000000008359000 	/usr/lib/libheimdal-asn1.dylib
0x0000000008359000 	/System/Library/Frameworks/OpenDirectory.framework/Versions/A/OpenDirectory
0x0000000008359000 	/System/Library/PrivateFrameworks/CommonAuth.framework/Versions/A/CommonAuth
0x0000000008359000 	/System/Library/Frameworks/OpenDirectory.framework/Versions/A/Frameworks/CFOpenDirectory.framework/Versions/A/CFOpenDirectory
0x0000000008359000 	/System/Library/Frameworks/SecurityFoundation.framework/Versions/A/SecurityFoundation
0x0000000008359000 	/System/Library/PrivateFrameworks/LanguageModeling.framework/Versions/A/LanguageModeling
0x0000000008359000 	/usr/lib/libmarisa.dylib
0x0000000008359000 	/usr/lib/libChineseTokenizer.dylib
0x0000000008359000 	/usr/lib/libcmph.dylib
0x0000000008359000 	/System/Library/Frameworks/ServiceManagement.framework/Versions/A/ServiceManagement
0x0000000008359000 	/usr/lib/libxslt.1.dylib
0x0000000008359000 	/System/Library/Frameworks/Carbon.framework/Versions/A/Frameworks/Ink.framework/Versions/A/Ink
0x0000000008359000 	/usr/lib/libFosl_dynamic.dylib
0x0000000008359000 	/System/Library/PrivateFrameworks/FaceCore.framework/Versions/A/FaceCore
0x0000000008359000 	/System/Library/Frameworks/OpenCL.framework/Versions/A/OpenCL
0x0000000008359000 	/System/Library/PrivateFrameworks/CrashReporterSupport.framework/Versions/A/CrashReporterSupport
0x0000000008359000 	/System/Library/PrivateFrameworks/IconServices.framework/Versions/A/IconServices
0x0000000008359000 	/System/Library/PrivateFrameworks/Apple80211.framework/Versions/A/Apple80211
0x0000000008359000 	/System/Library/Frameworks/CoreWLAN.framework/Versions/A/CoreWLAN
0x0000000008359000 	/System/Library/Frameworks/IOBluetooth.framework/Versions/A/IOBluetooth
0x0000000008359000 	/System/Library/PrivateFrameworks/CoreWiFi.framework/Versions/A/CoreWiFi
0x0000000008359000 	/System/Library/Frameworks/CoreBluetooth.framework/Versions/A/CoreBluetooth
0x0000000008359000 	/System/Library/PrivateFrameworks/ChunkingLibrary.framework/Versions/A/ChunkingLibrary
0x0000000008359000 	/System/Library/PrivateFrameworks/DebugSymbols.framework/Versions/A/DebugSymbols
0x0000000008359000 	/System/Library/PrivateFrameworks/CoreSymbolication.framework/Versions/A/CoreSymbolication
0x0000000008359000 	/System/Library/PrivateFrameworks/Symbolication.framework/Versions/A/Symbolication
0x0000000008359000 	/System/Library/PrivateFrameworks/SpeechRecognitionCore.framework/Versions/A/SpeechRecognitionCore
0x0000000110200000 	/Library/Java/JavaVirtualMachines/jdk1.8.0_65.jdk/Contents/Home/jre/lib/server/libjvm.dylib
0x0000000008359000 	/usr/lib/libstdc++.6.dylib
0x000000010f904000 	/Library/Java/JavaVirtualMachines/jdk1.8.0_65.jdk/Contents/Home/jre/lib/libverify.dylib
0x000000010f912000 	/Library/Java/JavaVirtualMachines/jdk1.8.0_65.jdk/Contents/Home/jre/lib/libjava.dylib
0x000000010f951000 	/Library/Java/JavaVirtualMachines/jdk1.8.0_65.jdk/Contents/Home/jre/lib/libzip.dylib
0x0000000126a4a000 	/System/Library/Frameworks/JavaVM.framework/Frameworks/JavaRuntimeSupport.framework/JavaRuntimeSupport
0x0000000126a65000 	/System/Library/Frameworks/JavaVM.framework/Versions/A/Frameworks/JavaNativeFoundation.framework/Versions/A/JavaNativeFoundation
0x0000000126a7a000 	/System/Library/Frameworks/JavaVM.framework/Versions/A/JavaVM
0x0000000008359000 	/System/Library/Frameworks/Carbon.framework/Versions/A/Carbon
0x0000000126a87000 	/System/Library/PrivateFrameworks/JavaLaunching.framework/Versions/A/JavaLaunching
0x0000000008359000 	/System/Library/Frameworks/Carbon.framework/Versions/A/Frameworks/CommonPanels.framework/Versions/A/CommonPanels
0x0000000008359000 	/System/Library/Frameworks/Carbon.framework/Versions/A/Frameworks/Help.framework/Versions/A/Help
0x0000000008359000 	/System/Library/Frameworks/Carbon.framework/Versions/A/Frameworks/ImageCapture.framework/Versions/A/ImageCapture
0x0000000008359000 	/System/Library/Frameworks/Carbon.framework/Versions/A/Frameworks/OpenScripting.framework/Versions/A/OpenScripting
0x0000000008359000 	/System/Library/Frameworks/Carbon.framework/Versions/A/Frameworks/Print.framework/Versions/A/Print
0x0000000008359000 	/System/Library/Frameworks/Carbon.framework/Versions/A/Frameworks/SecurityHI.framework/Versions/A/SecurityHI
0x0000000128976000 	/Library/Java/JavaVirtualMachines/jdk1.8.0_65.jdk/Contents/Home/jre/lib/libmanagement.dylib
0x0000000128984000 	/Library/Java/JavaVirtualMachines/jdk1.8.0_65.jdk/Contents/Home/jre/lib/libnet.dylib
0x00000001289e3000 	/Library/Java/JavaVirtualMachines/jdk1.8.0_65.jdk/Contents/Home/jre/lib/libnio.dylib

VM Arguments:
jvm_args: -Xss10M 
java_command: ini.Main -n main ini/test.ini
java_class_path (initial): target/ini.jar
Launcher Type: SUN_STANDARD

Environment Variables:
JAVA_HOME=/Library/Java/JavaVirtualMachines/jdk1.8.0_65.jdk/Contents/Home
PATH=/usr/local/opt/mongodb-community@4.0/bin:/anaconda3/bin:/anaconda3/condabin:/Users/renaudpawlak/.nvm/versions/node/v4.4.4/bin:/opt/local/bin:/opt/local/sbin:/usr/local/bin:/usr/bin:/bin:/usr/sbin:/sbin:/opt/X11/bin:/Library/TeX/texbin
SHELL=/bin/bash
DISPLAY=/private/tmp/com.apple.launchd.kZGIvihCzD/org.macosforge.xquartz:0

Signal Handlers:
SIGSEGV: [libjvm.dylib+0x5a6d31], sa_mask[0]=11111111011111110111111111111111, sa_flags=SA_ONSTACK|SA_RESTART|SA_SIGINFO
SIGBUS: [libjvm.dylib+0x5a6d31], sa_mask[0]=11111111011111110111111111111111, sa_flags=SA_RESTART|SA_SIGINFO
SIGFPE: [libjvm.dylib+0x480a40], sa_mask[0]=11111111011111110111111111111111, sa_flags=SA_RESTART|SA_SIGINFO
SIGPIPE: [libjvm.dylib+0x480a40], sa_mask[0]=11111111011111110111111111111111, sa_flags=SA_RESTART|SA_SIGINFO
SIGXFSZ: [libjvm.dylib+0x480a40], sa_mask[0]=11111111011111110111111111111111, sa_flags=SA_RESTART|SA_SIGINFO
SIGILL: [libjvm.dylib+0x480a40], sa_mask[0]=11111111011111110111111111111111, sa_flags=SA_RESTART|SA_SIGINFO
SIGUSR1: SIG_DFL, sa_mask[0]=11011111011111100000000111000110, sa_flags=none
SIGUSR2: [libjvm.dylib+0x48055e], sa_mask[0]=00000000000000000000000000000000, sa_flags=SA_RESTART|SA_SIGINFO
SIGHUP: [libjvm.dylib+0x47eb35], sa_mask[0]=11111111011111110111111111111111, sa_flags=SA_RESTART|SA_SIGINFO
SIGINT: [libjvm.dylib+0x47eb35], sa_mask[0]=11111111011111110111111111111111, sa_flags=SA_RESTART|SA_SIGINFO
SIGTERM: [libjvm.dylib+0x47eb35], sa_mask[0]=11111111011111110111111111111111, sa_flags=SA_RESTART|SA_SIGINFO
SIGQUIT: [libjvm.dylib+0x47eb35], sa_mask[0]=11111111011111110111111111111111, sa_flags=SA_RESTART|SA_SIGINFO


---------------  S Y S T E M  ---------------

OS:Bsduname:Darwin 15.6.0 Darwin Kernel Version 15.6.0: Thu Jun 21 20:07:40 PDT 2018; root:xnu-3248.73.11~1/RELEASE_X86_64 x86_64
rlimit: STACK 8192k, CORE 0k, NPROC 709, NOFILE 10240, AS infinity
load average:3.54 3.00 3.09

CPU:total 4 (2 cores per cpu, 2 threads per core) family 6 model 61 stepping 4, cmov, cx8, fxsr, mmx, sse, sse2, sse3, ssse3, sse4.1, sse4.2, popcnt, avx, avx2, aes, clmul, erms, 3dnowpref, lzcnt, ht, tsc, tscinvbit, bmi1, bmi2, adx

Memory: 4k page, physical 8388608k(20204k free)

/proc/meminfo:


vm_info: Java HotSpot(TM) 64-Bit Server VM (25.65-b01) for bsd-amd64 JRE (1.8.0_65-b17), built on Oct  6 2015 15:36:46 by "java_re" with gcc 4.2.1 (Based on Apple Inc. build 5658) (LLVM build 2336.11.00)

time: Sat Oct 12 08:09:40 2019
elapsed time: 9320 seconds (0d 2h 35m 20s)

